Log file open, 02/24/19 11:20:38
LogWindows: Failed to load 'aqProf.dll' (GetLastError=126)
LogWindows: File 'aqProf.dll' does not exist
LogWindows: Failed to load 'VSPerf140.dll' (GetLastError=126)
LogWindows: File 'VSPerf140.dll' does not exist
LogWindows: Failed to load 'VtuneApi.dll' (GetLastError=126)
LogWindows: File 'VtuneApi.dll' does not exist
LogWindows: Failed to load 'VtuneApi32e.dll' (GetLastError=126)
LogWindows: File 'VtuneApi32e.dll' does not exist
LogInit: Display: Running engine for game: Undoro
LogPlatformFile: Not using cached read wrapper
LogTaskGraph: Started task graph with 5 named threads and 23 total threads with 3 sets of task threads.
LogStats: Stats thread started at 0.269876
LogD3D11RHI: Loaded GFSDK_Aftermath_Lib.x64.dll
LogICUInternationalization: Display: ICU TimeZone Detection - Raw Offset: -6:00, Platform Override: ''
LogPluginManager: Mounting plugin Paper2D
LogPluginManager: Mounting plugin AISupport
LogPluginManager: Mounting plugin LightPropagationVolume
LogPluginManager: Mounting plugin CLionSourceCodeAccess
LogPluginManager: Mounting plugin CodeLiteSourceCodeAccess
LogPluginManager: Mounting plugin GitSourceControl
LogPluginManager: Mounting plugin KDevelopSourceCodeAccess
LogPluginManager: Mounting plugin NullSourceCodeAccess
LogPluginManager: Mounting plugin PerforceSourceControl
LogPluginManager: Mounting plugin SubversionSourceControl
LogPluginManager: Mounting plugin UObjectPlugin
LogPluginManager: Mounting plugin VisualStudioCodeSourceCodeAccess
LogPluginManager: Mounting plugin VisualStudioSourceCodeAccess
LogPluginManager: Mounting plugin XCodeSourceCodeAccess
LogPluginManager: Mounting plugin AssetManagerEditor
LogPluginManager: Mounting plugin CryptoKeys
LogPluginManager: Mounting plugin DataValidation
LogPluginManager: Mounting plugin FacialAnimation
LogPluginManager: Mounting plugin GameplayTagsEditor
LogPluginManager: Mounting plugin MacGraphicsSwitching
LogPluginManager: Mounting plugin MeshEditor
LogPluginManager: Mounting plugin MobileLauncherProfileWizard
LogPluginManager: Mounting plugin PluginBrowser
LogPluginManager: Mounting plugin SpeedTreeImporter
LogPluginManager: Mounting plugin DatasmithContent
LogPluginManager: Mounting plugin AlembicImporter
LogPluginManager: Mounting plugin AppleImageUtils
LogPluginManager: Mounting plugin AppleVision
LogPluginManager: Mounting plugin BackChannel
LogPluginManager: Mounting plugin CharacterAI
LogPluginManager: Mounting plugin GeometryCache
LogPluginManager: Mounting plugin HTML5Networking
LogPluginManager: Mounting plugin ProxyLODPlugin
LogPluginManager: Mounting plugin MagicLeap
LogPluginManager: Mounting plugin MagicLeapEmulator
LogPluginManager: Mounting plugin MagicLeapMedia
LogPluginManager: Mounting plugin AndroidMedia
LogPluginManager: Mounting plugin AvfMedia
LogPluginManager: Mounting plugin ImgMedia
LogPluginManager: Mounting plugin LinearTimecode
LogPluginManager: Mounting plugin MediaCompositing
LogPluginManager: Mounting plugin MediaPlayerEditor
LogPluginManager: Mounting plugin WmfMedia
LogPluginManager: Mounting plugin TcpMessaging
LogPluginManager: Mounting plugin UdpMessaging
LogPluginManager: Mounting plugin ActorSequence
LogPluginManager: Mounting plugin LevelSequenceEditor
LogPluginManager: Mounting plugin MatineeToLevelSequence
LogPluginManager: Mounting plugin NetcodeUnitTest
LogPluginManager: Mounting plugin NUTUnrealEngine4
LogPluginManager: Mounting plugin OnlineSubsystemGooglePlay
LogPluginManager: Mounting plugin OnlineSubsystemIOS
LogPluginManager: Mounting plugin OnlineSubsystem
LogPluginManager: Mounting plugin OnlineSubsystemNull
LogPluginManager: Mounting plugin OnlineSubsystemUtils
LogPluginManager: Mounting plugin LauncherChunkInstaller
LogPluginManager: Mounting plugin AndroidDeviceProfileSelector
LogPluginManager: Mounting plugin AndroidMoviePlayer
LogPluginManager: Mounting plugin AndroidPermission
LogPluginManager: Mounting plugin AppleMoviePlayer
LogPluginManager: Mounting plugin ArchVisCharacter
LogPluginManager: Mounting plugin AudioCapture
LogPluginManager: Mounting plugin CableComponent
LogPluginManager: Mounting plugin CustomMeshComponent
LogPluginManager: Mounting plugin EditableMesh
LogPluginManager: Mounting plugin ExampleDeviceProfileSelector
LogPluginManager: Mounting plugin GoogleCloudMessaging
LogPluginManager: Mounting plugin ImmediatePhysics
LogPluginManager: Mounting plugin IOSDeviceProfileSelector
LogPluginManager: Mounting plugin LinuxDeviceProfileSelector
LogPluginManager: Mounting plugin LocationServicesBPLibrary
LogPluginManager: Mounting plugin MobilePatchingUtils
LogPluginManager: Mounting plugin OculusVR
LogPluginManager: Plugin shader directory ../../../Engine/Plugins/Runtime/Oculus/OculusVR/Shaders found
LogPluginManager: Mapping shader source directory ../../../Engine/Plugins/Runtime/Oculus/OculusVR/Shaders to virtual directory /Plugin/OculusVR
LogPluginManager: Mounting plugin PhysXVehicles
LogPluginManager: Mounting plugin ProceduralMeshComponent
LogPluginManager: Mounting plugin RuntimePhysXCooking
LogPluginManager: Mounting plugin SteamVR
LogPluginManager: Mounting plugin WindowsMoviePlayer
LogStreaming: Display: Took  0.191s to configure plugins.
LogInit: Using libcurl 7.55.1-DEV
LogInit:  - built for x86_64-pc-win32
LogInit:  - supports SSL with OpenSSL/1.0.2h
LogInit:  - supports HTTP deflate (compression) using libz 1.2.8
LogInit:  - other features:
LogInit:      CURL_VERSION_SSL
LogInit:      CURL_VERSION_LIBZ
LogInit:      CURL_VERSION_IPV6
LogInit:      CURL_VERSION_ASYNCHDNS
LogInit:      CURL_VERSION_LARGEFILE
LogInit:      CURL_VERSION_IDN
LogInit:  CurlRequestOptions (configurable via config and command line):
LogInit:  - bVerifyPeer = false  - Libcurl will NOT verify peer certificate
LogInit:  - bUseHttpProxy = false  - Libcurl will NOT use HTTP proxy
LogInit:  - bDontReuseConnections = false  - Libcurl will reuse connections
LogInit:  - CertBundlePath = nullptr  - Libcurl will use whatever was configured at build time.
LogInit:  - MaxHostConnections = 16  - Libcurl will limit the number of connections to a host
LogInit:  - LocalHostAddr = Default
LogInit:  - BufferSize = 65536
LogInit: WinSock: version 1.1 (2.2), MaxSocks=32767, MaxUdp=65467
LogInit: Build: ++UE4+Release-4.20-CL-4369336
LogInit: Engine Version: 4.20.3-4369336+++UE4+Release-4.20
LogInit: Compatible Engine Version: 4.20.0-4212847+++UE4+Release-4.20
LogInit: Net CL: 4212847
LogInit: OS: Windows 7 (Service Pack 1), CPU:        Intel(R) Core(TM) i7-2600K CPU @ 3.40GHz, GPU: NVIDIA GeForce GTX 970
LogInit: Compiled (64-bit): Sep 17 2018 12:26:19
LogInit: Compiled with Visual C++: 19.13.26129.00
LogInit: Build Configuration: Development
LogInit: Branch Name: ++UE4+Release-4.20
LogInit: Command Line: 
LogInit: Base Directory: C:/Program Files/Epic Games/UE_4.20/Engine/Binaries/Win64/
LogInit: Installed Engine Build: 1
LogDevObjectVersion: Number of dev versions registered: 20
LogDevObjectVersion:   Dev-Blueprints (B0D832E4-1F89-4F0D-ACCF-7EB736FD4AA2): 10
LogDevObjectVersion:   Dev-Build (E1C64328-A22C-4D53-A36C-8E866417BD8C): 0
LogDevObjectVersion:   Dev-Core (375EC13C-06E4-48FB-B500-84F0262A717E): 2
LogDevObjectVersion:   Dev-Editor (E4B068ED-F494-42E9-A231-DA0B2E46BB41): 24
LogDevObjectVersion:   Dev-Framework (CFFC743F-43B0-4480-9391-14DF171D2073): 34
LogDevObjectVersion:   Dev-Mobile (B02B49B5-BB20-44E9-A304-32B752E40360): 2
LogDevObjectVersion:   Dev-Networking (A4E4105C-59A1-49B5-A7C5-40C4547EDFEE): 0
LogDevObjectVersion:   Dev-Online (39C831C9-5AE6-47DC-9A44-9C173E1C8E7C): 0
LogDevObjectVersion:   Dev-Physics (78F01B33-EBEA-4F98-B9B4-84EACCB95AA2): 0
LogDevObjectVersion:   Dev-Platform (6631380F-2D4D-43E0-8009-CF276956A95A): 0
LogDevObjectVersion:   Dev-Rendering (12F88B9F-8875-4AFC-A67C-D90C383ABD29): 26
LogDevObjectVersion:   Dev-Sequencer (7B5AE74C-D270-4C10-A958-57980B212A5A): 9
LogDevObjectVersion:   Dev-VR (D7296918-1DD6-4BDD-9DE2-64A83CC13884): 2
LogDevObjectVersion:   Dev-LoadTimes (C2A15278-BFE7-4AFE-6C17-90FF531DF755): 1
LogDevObjectVersion:   Private-Geometry (6EACA3D4-40EC-4CC1-B786-8BED09428FC5): 3
LogDevObjectVersion:   Dev-AnimPhys (29E575DD-E0A3-4627-9D10-D276232CDCEA): 17
LogDevObjectVersion:   Dev-ReflectionCapture (6B266CEC-1EC7-4B8F-A30B-E4D90942FC07): 1
LogDevObjectVersion:   Dev-Automation (0DF73D61-A23F-47EA-B727-89E90C41499A): 1
LogDevObjectVersion:   FortniteMain (601D1886-AC64-4F84-AA16-D3DE0DEAC7D6): 12
LogDevObjectVersion:   Dev-Enterprise (9DFFBCD6-494F-0158-E221-12823C92A888): 1
LogStreaming: Display: Took  0.000s to delete old logs.
LogInit: Presizing for max 8388607 objects, including 0 objects not considered by GC, pre-allocating 0 bytes for permanent pool.
LogInit: Object subsystem initialized
[2019.02.24-17.20.38:738][  0]LogInit: Selected Device Profile: [Windows]
[2019.02.24-17.20.38:738][  0]LogInit: Applying CVar settings loaded from the selected device profile: [Windows]
[2019.02.24-17.20.38:769][  0]LogHAL: Display: Platform has ~ 16 GB [17179869184 / 17179869184 / 16], which maps to Larger [LargestMinGB=32, LargerMinGB=12, DefaultMinGB=8, SmallerMinGB=6, SmallestMinGB=0)
[2019.02.24-17.20.38:769][  0]LogInit: Setting Device Profile CVar: [[r.Vulkan.UseRealUBs:1]]
[2019.02.24-17.20.38:769][  0]LogInit: Going up to parent DeviceProfile []
[2019.02.24-17.20.38:769][  0]LogInit: Computer: HAZZARD
[2019.02.24-17.20.38:769][  0]LogInit: User: Robert
[2019.02.24-17.20.38:769][  0]LogInit: CPU Page size=4096, Cores=4
[2019.02.24-17.20.38:769][  0]LogInit: High frequency timer resolution =3.331240 MHz
[2019.02.24-17.20.38:770][  0]LogMemory: Memory total: Physical=16.0GB (16GB approx)
[2019.02.24-17.20.38:770][  0]LogMemory: Platform Memory Stats for Windows
[2019.02.24-17.20.38:770][  0]LogMemory: Process Physical Memory: 103.65 MB used, 103.65 MB peak
[2019.02.24-17.20.38:770][  0]LogMemory: Process Virtual Memory: 97.01 MB used, 97.01 MB peak
[2019.02.24-17.20.38:770][  0]LogMemory: Physical Memory: 10786.90 MB used,  5597.10 MB free, 16384.00 MB total
[2019.02.24-17.20.38:770][  0]LogMemory: Virtual Memory: 496.99 MB used,  5597.10 MB free, 8388608.00 MB total
[2019.02.24-17.20.38:798][  0]LogInit: Using OS detected language (en-US).
[2019.02.24-17.20.38:798][  0]LogInit: Using OS detected locale (en-US).
[2019.02.24-17.20.38:800][  0]LogTextLocalizationManager: No specific localization for 'en-US' exists, so the 'en' localization will be used.
[2019.02.24-17.20.39:273][  0]LogStreaming: Display: Took  0.475s to InitEngineTextLocalization.
[2019.02.24-17.20.39:274][  0]LogWindows: Failed to load 'shcore.dll' (GetLastError=126)
[2019.02.24-17.20.39:274][  0]LogWindows: File 'shcore.dll' does not exist
[2019.02.24-17.20.39:274][  0]LogInit: Setting process to DPI aware
[2019.02.24-17.20.39:320][  0]LogSlate: New Slate User Created.  User Index 0, Is Virtual User: 0
[2019.02.24-17.20.39:320][  0]LogSlate: Slate User Registered.  User Index 0, Is Virtual User: 0
[2019.02.24-17.20.39:603][  0]LogHMD: Failed to initialize OpenVR with code 110
[2019.02.24-17.20.39:603][  0]LogD3D11RHI: D3D11 adapters:
[2019.02.24-17.20.39:652][  0]LogD3D11RHI:    0. 'NVIDIA GeForce GTX 970' (Feature Level 11_0)
[2019.02.24-17.20.39:652][  0]LogD3D11RHI:       3992/0/7936 MB DedicatedVideo/DedicatedSystem/SharedSystem, Outputs:3, VendorId:0x10de
[2019.02.24-17.20.39:652][  0]LogD3D11RHI: Chosen D3D11 Adapter: 0
[2019.02.24-17.20.39:675][  0]LogD3D11RHI: Creating new Direct3DDevice
[2019.02.24-17.20.39:675][  0]LogD3D11RHI:     GPU DeviceId: 0x13c2 (for the marketing name, search the web for "GPU Device Id")
[2019.02.24-17.20.39:675][  0]LogWindows: EnumDisplayDevices:
[2019.02.24-17.20.39:676][  0]LogWindows:    0. 'NVIDIA GeForce GTX 970' (P:0 D:1)
[2019.02.24-17.20.39:676][  0]LogWindows:    1. 'NVIDIA GeForce GTX 970' (P:0 D:1)
[2019.02.24-17.20.39:676][  0]LogWindows:    2. 'NVIDIA GeForce GTX 970' (P:1 D:1)
[2019.02.24-17.20.39:676][  0]LogWindows:    3. 'NVIDIA GeForce GTX 970' (P:0 D:0)
[2019.02.24-17.20.39:677][  0]LogWindows:    4. 'RDPDD Chained DD' (P:0 D:0)
[2019.02.24-17.20.39:677][  0]LogWindows:    5. 'RDP Encoder Mirror Driver' (P:0 D:0)
[2019.02.24-17.20.39:677][  0]LogWindows:    6. 'RDP Reflector Display Driver' (P:0 D:0)
[2019.02.24-17.20.39:677][  0]LogWindows: DebugString: GetVideoDriverDetailsInvalid PrimaryIsNotTheChoosenAdapter GetVideoDriverDetailsInvalid PrimaryIsNotTheChoosenAdapter GetVideoDriverDetailsInvalid PrimaryIsNotTheChoosenAdapter FoundDriverCount:4 
[2019.02.24-17.20.39:677][  0]LogD3D11RHI:     Adapter Name: NVIDIA GeForce GTX 970
[2019.02.24-17.20.39:677][  0]LogD3D11RHI:   Driver Version: 397.64 (internal:24.21.13.9764, unified:397.64)
[2019.02.24-17.20.39:677][  0]LogD3D11RHI:      Driver Date: 5-7-2018
[2019.02.24-17.20.39:677][  0]LogRHI: Texture pool is 2794 MB (70% of 3992 MB)
[2019.02.24-17.20.39:702][  0]LogD3D11RHI: Async texture creation enabled
[2019.02.24-17.20.39:717][  0]LogD3D11RHI: GPU Timing Frequency: 1000.000000 (Debug: 2 2)
[2019.02.24-17.20.39:771][  0]LogShaderCompilers: Guid format shader working directory is -18 characters bigger than the processId version (../../../../../../Users/Robert/Documents/Unreal Projects/Undoro/Intermediate/Shaders/WorkingDirectory/258724/).
[2019.02.24-17.20.39:771][  0]LogShaderCompilers: Cleaned the shader compiler working directory 'C:/Users/Robert/AppData/Local/Temp/UnrealShaderWorkingDir/BDAD753C49213B22759C9486B5CB7B03/'.
[2019.02.24-17.20.40:109][  0]LogTemp: Display: Loaded TP AllDesktopTargetPlatform
[2019.02.24-17.20.40:128][  0]LogTemp: Display: Loaded TP MacClientTargetPlatform
[2019.02.24-17.20.40:148][  0]LogTemp: Display: Loaded TP MacNoEditorTargetPlatform
[2019.02.24-17.20.40:169][  0]LogTemp: Display: Loaded TP MacServerTargetPlatform
[2019.02.24-17.20.40:188][  0]LogTemp: Display: Loaded TP MacTargetPlatform
[2019.02.24-17.20.40:208][  0]LogTemp: Display: Loaded TP WindowsClientTargetPlatform
[2019.02.24-17.20.40:229][  0]LogTemp: Display: Loaded TP WindowsNoEditorTargetPlatform
[2019.02.24-17.20.40:249][  0]LogTemp: Display: Loaded TP WindowsServerTargetPlatform
[2019.02.24-17.20.40:257][  0]LogTemp: Display: Loaded TP WindowsTargetPlatform
[2019.02.24-17.20.40:362][  0]LogTemp: Display: Loaded TP AndroidTargetPlatform
[2019.02.24-17.20.40:362][  0]LogTemp: Display: Loaded TP AndroidTargetPlatform
[2019.02.24-17.20.40:363][  0]LogTemp: Display: Loaded TP AndroidTargetPlatform
[2019.02.24-17.20.40:363][  0]LogTemp: Display: Loaded TP AndroidTargetPlatform
[2019.02.24-17.20.40:363][  0]LogTemp: Display: Loaded TP AndroidTargetPlatform
[2019.02.24-17.20.40:363][  0]LogTemp: Display: Loaded TP AndroidTargetPlatform
[2019.02.24-17.20.40:363][  0]LogTemp: Display: Loaded TP AndroidTargetPlatform
[2019.02.24-17.20.40:363][  0]LogTemp: Display: Loaded TP AndroidTargetPlatform
[2019.02.24-17.20.40:363][  0]LogTemp: Display: Loaded TP AndroidTargetPlatform
[2019.02.24-17.20.40:363][  0]LogTemp: Display: Loaded TP AndroidTargetPlatform
[2019.02.24-17.20.40:363][  0]LogTemp: Display: Loaded TP AndroidTargetPlatform
[2019.02.24-17.20.40:363][  0]LogTemp: Display: Loaded TP AndroidTargetPlatform
[2019.02.24-17.20.40:363][  0]LogTemp: Display: Loaded TP AndroidTargetPlatform
[2019.02.24-17.20.40:363][  0]LogTemp: Display: Loaded TP AndroidTargetPlatform
[2019.02.24-17.20.40:363][  0]LogTemp: Display: Loaded TP AndroidTargetPlatform
[2019.02.24-17.20.40:363][  0]LogTemp: Display: Loaded TP AndroidTargetPlatform
[2019.02.24-17.20.40:363][  0]LogTemp: Display: Loaded TP AndroidTargetPlatform
[2019.02.24-17.20.40:363][  0]LogTemp: Display: Loaded TP AndroidTargetPlatform
[2019.02.24-17.20.40:364][  0]LogTemp: Display: Loaded TP HTML5TargetPlatform
[2019.02.24-17.20.40:431][  0]LogTemp: Display: Loaded TP IOSTargetPlatform
[2019.02.24-17.20.40:431][  0]LogTemp: Display: Loaded TP IOSTargetPlatform
[2019.02.24-17.20.40:460][  0]LogTemp: Display: Loaded TP TVOSTargetPlatform
[2019.02.24-17.20.40:460][  0]LogTemp: Display: Loaded TP TVOSTargetPlatform
[2019.02.24-17.20.40:475][  0]LogTemp: Display: Loaded TP LinuxClientTargetPlatform
[2019.02.24-17.20.40:490][  0]LogTemp: Display: Loaded TP LinuxNoEditorTargetPlatform
[2019.02.24-17.20.40:509][  0]LogTemp: Display: Loaded TP LinuxServerTargetPlatform
[2019.02.24-17.20.40:525][  0]LogTemp: Display: Loaded TP LinuxTargetPlatform
[2019.02.24-17.20.40:537][  0]LogTemp: Display: Loaded TP LuminTargetPlatform
[2019.02.24-17.20.40:537][  0]LogTargetPlatformManager: Display: Building Assets For Windows
[2019.02.24-17.20.40:609][  0]LogXGEController: Cannot use XGE Controller as Incredibuild is not installed on this machine.
[2019.02.24-17.20.40:609][  0]LogShaderCompilers: Cannot use XGE Shader Compiler as Incredibuild is not installed on this machine.
[2019.02.24-17.20.40:609][  0]LogShaderCompilers: Display: Using Local Shader Compiler.
[2019.02.24-17.20.41:607][  0]LogDerivedDataCache: Display: Max Cache Size: 512 MB
[2019.02.24-17.20.41:686][  0]LogDerivedDataCache: Loaded boot cache 0.08s 71MB C:/Users/Robert/AppData/Local/UnrealEngine/4.20/DerivedDataCache/Boot.ddc.
[2019.02.24-17.20.41:686][  0]LogDerivedDataCache: Display: Loaded Boot cache: C:/Users/Robert/AppData/Local/UnrealEngine/4.20/DerivedDataCache/Boot.ddc
[2019.02.24-17.20.41:686][  0]LogDerivedDataCache: FDerivedDataBackendGraph:  Pak pak cache file ../../../../../../Users/Robert/Documents/Unreal Projects/Undoro/DerivedDataCache/DDC.ddp not found, will not use a pak cache.
[2019.02.24-17.20.41:686][  0]LogDerivedDataCache: Unable to find inner node Pak for hierarchical cache Hierarchy.
[2019.02.24-17.20.41:686][  0]LogDerivedDataCache: FDerivedDataBackendGraph:  CompressedPak pak cache file ../../../../../../Users/Robert/Documents/Unreal Projects/Undoro/DerivedDataCache/Compressed.ddp not found, will not use a pak cache.
[2019.02.24-17.20.41:686][  0]LogDerivedDataCache: Unable to find inner node CompressedPak for hierarchical cache Hierarchy.
[2019.02.24-17.20.41:701][  0]LogDerivedDataCache: Display: Pak cache opened for reading ../../../Engine/DerivedDataCache/Compressed.ddp.
[2019.02.24-17.20.41:713][  0]LogDerivedDataCache: Using Local data cache path C:/Users/Robert/AppData/Local/UnrealEngine/Common/DerivedDataCache: Writable
[2019.02.24-17.20.41:713][  0]LogDerivedDataCache: Shared data cache path not found in *engine.ini, will not use an Shared cache.
[2019.02.24-17.20.41:713][  0]LogDerivedDataCache: Unable to find inner node Shared for hierarchical cache Hierarchy.
[2019.02.24-17.20.41:748][  0]LogMaterial: Verifying Global Shaders for PCD3D_SM5
[2019.02.24-17.20.41:749][  0]LogSlate: Using FreeType 2.6.0
[2019.02.24-17.20.41:750][  0]LogSlate: SlateFontServices - WITH_FREETYPE: 1, WITH_HARFBUZZ: 1
[2019.02.24-17.20.41:839][  0]LogAssetRegistry: FAssetRegistry took 0.0266 seconds to start up
[2019.02.24-17.20.42:317][  0]LogInit: Selected Device Profile: [Windows]
[2019.02.24-17.20.42:480][  0]LogSimplygon: Simplygon DLL not present - disabling.
[2019.02.24-17.20.42:485][  0]LogMeshReduction: Using SimplygonSwarm for distributed automatic mesh merging
[2019.02.24-17.20.42:485][  0]LogMeshReduction: Using ProxyLODMeshReduction for automatic mesh merging
[2019.02.24-17.20.42:485][  0]LogMeshReduction: Using QuadricMeshReduction for automatic static mesh reduction
[2019.02.24-17.20.42:485][  0]LogMeshReduction: No automatic skeletal mesh reduction module available
[2019.02.24-17.20.42:533][  0]LogNetVersion: Undoro 1.0.0, NetCL: 4212847, EngineNetVer: 5, GameNetVer: 0 (Checksum: 3327048718)
[2019.02.24-17.20.43:314][  0]LogPackageLocalizationCache: Processed 11 localized package path(s) for 2 prioritized culture(s) in 0.131321 seconds
[2019.02.24-17.20.43:322][  0]LogUObjectArray: 38425 objects as part of root set at end of initial load.
[2019.02.24-17.20.43:322][  0]LogUObjectAllocator: 6690864 out of 0 bytes used by permanent object pool.
[2019.02.24-17.20.43:322][  0]LogUObjectArray: CloseDisregardForGC: 0/0 objects in disregard for GC pool
[2019.02.24-17.20.44:473][  0]LogTcpMessaging: Initializing TcpMessaging bridge
[2019.02.24-17.20.44:486][  0]LogUdpMessaging: Initializing bridge on interface 0.0.0.0:0 to multicast group 230.0.0.1:6666.
[2019.02.24-17.20.44:643][  0]SourceControl: Source control is disabled
[2019.02.24-17.20.44:643][  0]SourceControl: Source control is disabled
[2019.02.24-17.20.44:646][  0]SourceControl: Source control is disabled
[2019.02.24-17.20.44:646][  0]SourceControl: Source control is disabled
[2019.02.24-17.20.44:814][  0]LogAndroidPermission: UAndroidPermissionCallbackProxy::GetInstance
[2019.02.24-17.20.44:952][  0]LogOcInput: OculusInput pre-init called
[2019.02.24-17.20.45:026][  0]LogEngine: Initializing Engine...
[2019.02.24-17.20.45:028][  0]LogHMD: Failed to initialize OpenVR with code 110
[2019.02.24-17.20.45:030][  0]LogStats: UGameplayTagsManager::ConstructGameplayTagTree: ImportINI prefixes -  0.000 s
[2019.02.24-17.20.45:030][  0]LogStats: UGameplayTagsManager::ConstructGameplayTagTree: Construct from data asset -  0.000 s
[2019.02.24-17.20.45:030][  0]LogStats: UGameplayTagsManager::ConstructGameplayTagTree: ImportINI -  0.000 s
[2019.02.24-17.20.45:030][  0]LogStats: UGameplayTagsManager::ConstructGameplayTagTree: GameplayTagTreeChangedEvent.Broadcast -  0.000 s
[2019.02.24-17.20.45:298][  0]LogInit: Initializing FReadOnlyCVARCache
[2019.02.24-17.20.45:315][  0]LogAIModule: Creating AISystem for world Untitled
[2019.02.24-17.20.45:338][  0]LogInit: XAudio2 using 'Speakers (ASUS Xonar DX Audio Device)' : 2 channels at 44.1 kHz using 16 bits per sample (channel mask 0x3)
[2019.02.24-17.20.45:346][  0]LogInit: FAudioDevice initialized.
[2019.02.24-17.20.45:346][  0]LogNetVersion: Set ProjectVersion to 1.0.0.0. Version Checksum will be recalculated on next use.
[2019.02.24-17.20.45:705][  0]LogDerivedDataCache: Saved boot cache 0.36s 71MB C:/Users/Robert/AppData/Local/UnrealEngine/4.20/DerivedDataCache/Boot.ddc.
[2019.02.24-17.20.45:710][  0]LogInit: Texture streaming: Enabled
[2019.02.24-17.20.45:732][  0]LogEngineSessionManager: EngineSessionManager initialized
[2019.02.24-17.20.45:761][  0]LogInit: Transaction tracking system initialized
[2019.02.24-17.20.45:786][  0]BlueprintLog: New page: Editor Load
[2019.02.24-17.20.45:877][  0]LocalizationService: Localization service is disabled
[2019.02.24-17.20.46:241][  0]LogCook: Display: Max memory allowance for cook 16384mb min free memory 0mb
[2019.02.24-17.20.46:241][  0]LogCook: Display: Mobile HDR setting 1
[2019.02.24-17.20.46:241][  0]LogGameplayTags: Display: UGameplayTagsManager::DoneAddingNativeTags. DelegateIsBound: 0
[2019.02.24-17.20.46:241][  0]LogStats: UGameplayTagsManager::ConstructGameplayTagTree: ImportINI prefixes -  0.000 s
[2019.02.24-17.20.46:241][  0]LogStats: UGameplayTagsManager::ConstructGameplayTagTree: Construct from data asset -  0.000 s
[2019.02.24-17.20.46:241][  0]LogStats: UGameplayTagsManager::ConstructGameplayTagTree: ImportINI -  0.000 s
[2019.02.24-17.20.46:241][  0]LogStats: UGameplayTagsManager::ConstructGameplayTagTree: GameplayTagTreeChangedEvent.Broadcast -  0.000 s
[2019.02.24-17.20.46:362][  0]LogFileCache: Scanning file cache for directory 'C:/Users/Robert/Documents/Unreal Projects/Undoro/Content/' took 0.02s
[2019.02.24-17.20.46:370][  0]SourceControl: Source control is disabled
[2019.02.24-17.20.46:370][  0]Cmd: MAP LOAD FILE="../../../../../../Users/Robert/Documents/Unreal Projects/Undoro/Content/2DSideScrollerBP/Maps/2DSideScrollerExampleMap.umap" TEMPLATE=0 SHOWPROGRESS=1 FEATURELEVEL=3
[2019.02.24-17.20.46:371][  0]LightingResults: New page: Lighting Build
[2019.02.24-17.20.46:375][  0]MapCheck: New page: Map Check
[2019.02.24-17.20.46:376][  0]LightingResults: New page: Lighting Build
[2019.02.24-17.20.48:276][  0]LogAIModule: Creating AISystem for world 2DSideScrollerExampleMap
[2019.02.24-17.20.48:296][  0]LogEditorServer: Finished looking for orphan Actors (0.000 secs)
[2019.02.24-17.20.48:337][  0]Cmd: MAP CHECKDEP NOCLEARLOG
[2019.02.24-17.20.48:429][  0]MapCheck: Map check complete: 0 Error(s), 0 Warning(s), took 91.56ms to complete.
[2019.02.24-17.20.48:429][  0]LogFileHelpers: Loading map '2DSideScrollerExampleMap' took 2.059
[2019.02.24-17.20.48:764][  0]LogSlate: Updating window title bar state: overlay mode, drag disabled, window buttons hidden, title bar hidden
[2019.02.24-17.20.48:774][  0]LogSlate: Updating window title bar state: overlay mode, drag disabled, window buttons hidden, title bar hidden
[2019.02.24-17.20.48:782][  0]LogSlate: Updating window title bar state: overlay mode, drag disabled, window buttons hidden, title bar hidden
[2019.02.24-17.20.48:791][  0]LogSlate: Updating window title bar state: overlay mode, drag disabled, window buttons hidden, title bar hidden
[2019.02.24-17.20.48:819][  0]LogCollectionManager: Loaded 0 collections in 0.003094 seconds
[2019.02.24-17.20.48:980][  0]LogFileCache: Scanning file cache for directory 'C:/Users/Robert/Documents/Unreal Projects/Undoro/Saved/Collections/' took 0.01s
[2019.02.24-17.20.48:980][  0]LogFileCache: Scanning file cache for directory 'C:/Users/Robert/Documents/Unreal Projects/Undoro/Content/Developers/Robert/Collections/' took 0.01s
[2019.02.24-17.20.48:980][  0]LogFileCache: Scanning file cache for directory 'C:/Users/Robert/Documents/Unreal Projects/Undoro/Content/Collections/' took 0.01s
[2019.02.24-17.20.48:980][  0]LogCollectionManager: Rebuilt the GUID cache for 0 collections in 0.000001 seconds
[2019.02.24-17.20.48:999][  0]LogContentBrowser: Native class hierarchy populated in 0.0185 seconds. Added 2572 classes and 603 folders.
[2019.02.24-17.20.49:095][  0]LogContentBrowser: Native class hierarchy updated for 'WidgetCarousel' in 0.0003 seconds. Added 0 classes and 0 folders.
[2019.02.24-17.20.50:247][  0]LogContentBrowser: Native class hierarchy updated for 'AddContentDialog' in 0.0003 seconds. Added 0 classes and 0 folders.
[2019.02.24-17.20.50:276][  0]LogContentBrowser: Native class hierarchy updated for 'SceneOutliner' in 0.0004 seconds. Added 1 classes and 2 folders.
[2019.02.24-17.20.50:501][  0]LogSlate: Took 0.000212 seconds to synchronously load lazily loaded font '../../../Engine/Content/Slate/Fonts/Roboto-Regular.ttf' (155K)
[2019.02.24-17.20.50:503][  0]LogSlate: Took 0.000208 seconds to synchronously load lazily loaded font '../../../Engine/Content/Slate/Fonts/Roboto-Bold.ttf' (160K)
[2019.02.24-17.20.50:547][  0]LogSlate: Took 0.037600 seconds to synchronously load lazily loaded font '../../../Engine/Content/Editor/Slate/Fonts/FontAwesome.ttf' (139K)
[2019.02.24-17.20.50:692][  0]LogRenderer: Reallocating scene render targets to support 1208x600 Format 10 NumSamples 1 (Frame:1).
[2019.02.24-17.20.50:872][  0]LogContentBrowser: Native class hierarchy updated for 'HierarchicalLODOutliner' in 0.0003 seconds. Added 0 classes and 0 folders.
[2019.02.24-17.20.50:872][  0]LogLoad: (Engine Initialization) Total time: 14.85 seconds
[2019.02.24-17.20.50:872][  0]LogLoad: (Engine Initialization) Total Blueprint compile time: 0.00 seconds
[2019.02.24-17.20.50:958][  0]LogContentStreaming: Texture pool size now 1000 MB
[2019.02.24-17.20.51:043][  0]LogSlate: Took 0.013942 seconds to synchronously load lazily loaded font '../../../Engine/Content/Slate/Fonts/Roboto-Light.ttf' (167K)
[2019.02.24-17.20.51:101][  2]LogAssetRegistry: Asset discovery search completed in 9.2830 seconds
[2019.02.24-17.20.51:103][  2]LogCollectionManager: Rebuilt the object cache for 0 collections in 0.000001 seconds (found 0 objects)
[2019.02.24-17.20.51:103][  2]LogCollectionManager: Fixed up redirectors for 0 collections in 0.000080 seconds (updated 0 objects)
[2019.02.24-17.20.52:538][ 91]LogSlate: Took 0.000273 seconds to synchronously load lazily loaded font '../../../Engine/Content/Slate/Fonts/Roboto-Light.ttf' (167K)
[2019.02.24-17.21.14:774][158]LogSlate: FSceneViewport::OnFocusLost() reason 0
[2019.02.24-17.21.14:952][158]LogTemp: Repeating last play command: Selected Viewport
[2019.02.24-17.21.14:968][158]LogBlueprintUserMessages: Early PlayInEditor Detection: Level '/Game/2DSideScrollerBP/Maps/2DSideScrollerExampleMap.2DSideScrollerExampleMap:PersistentLevel' has LevelScriptBlueprint '/Game/2DSideScrollerBP/Maps/2DSideScrollerExampleMap.2DSideScrollerExampleMap:PersistentLevel.2DSideScrollerExampleMap' with GeneratedClass '/Game/2DSideScrollerBP/Maps/2DSideScrollerExampleMap.2DSideScrollerExampleMap_C' with ClassGeneratedBy '/Game/2DSideScrollerBP/Maps/2DSideScrollerExampleMap.2DSideScrollerExampleMap:PersistentLevel.2DSideScrollerExampleMap'
[2019.02.24-17.21.14:968][158]LogPlayLevel: PlayLevel: No blueprints needed recompiling
[2019.02.24-17.21.15:022][158]PIE: New page: PIE session: 2DSideScrollerExampleMap (Feb 24, 2019, 5:21:14 AM)
[2019.02.24-17.21.15:022][158]LogPlayLevel: Creating play world package: /Game/2DSideScrollerBP/Maps/UEDPIE_0_2DSideScrollerExampleMap
[2019.02.24-17.21.15:028][158]LogPlayLevel: PIE: StaticDuplicateObject took: (0.005929s)
[2019.02.24-17.21.15:029][158]LogAIModule: Creating AISystem for world 2DSideScrollerExampleMap
[2019.02.24-17.21.15:029][158]LogPlayLevel: PIE: World Init took: (0.001222s)
[2019.02.24-17.21.15:030][158]LogPlayLevel: PIE: Created PIE world by copying editor world from /Game/2DSideScrollerBP/Maps/2DSideScrollerExampleMap.2DSideScrollerExampleMap to /Game/2DSideScrollerBP/Maps/UEDPIE_0_2DSideScrollerExampleMap.2DSideScrollerExampleMap (0.007362s)
[2019.02.24-17.21.15:066][158]LogInit: XAudio2 using 'Speakers (ASUS Xonar DX Audio Device)' : 2 channels at 44.1 kHz using 16 bits per sample (channel mask 0x3)
[2019.02.24-17.21.15:070][158]LogInit: FAudioDevice initialized.
[2019.02.24-17.21.15:112][158]LogLoad: Game class is '2DSideScrollerGameMode_C'
[2019.02.24-17.21.15:115][158]LogWorld: Bringing World /Game/2DSideScrollerBP/Maps/UEDPIE_0_2DSideScrollerExampleMap.2DSideScrollerExampleMap up for play (max tick rate 0) at 2019.02.24-11.21.15
[2019.02.24-17.21.15:116][158]LogWorld: Bringing up level for play took: 0.002382
[2019.02.24-17.21.15:161][158]LogContentBrowser: Native class hierarchy updated for 'MovieSceneCapture' in 0.0004 seconds. Added 10 classes and 0 folders.
[2019.02.24-17.21.15:162][158]PIE: Play in editor start time for /Game/2DSideScrollerBP/Maps/UEDPIE_0_2DSideScrollerExampleMap 0.295
[2019.02.24-17.21.15:162][158]LogBlueprintUserMessages: Late PlayInEditor Detection: Level '/Game/2DSideScrollerBP/Maps/2DSideScrollerExampleMap.2DSideScrollerExampleMap:PersistentLevel' has LevelScriptBlueprint '/Game/2DSideScrollerBP/Maps/2DSideScrollerExampleMap.2DSideScrollerExampleMap:PersistentLevel.2DSideScrollerExampleMap' with GeneratedClass '/Game/2DSideScrollerBP/Maps/2DSideScrollerExampleMap.2DSideScrollerExampleMap_C' with ClassGeneratedBy '/Game/2DSideScrollerBP/Maps/2DSideScrollerExampleMap.2DSideScrollerExampleMap:PersistentLevel.2DSideScrollerExampleMap'
[2019.02.24-17.21.18:118][310]LogBlueprintUserMessages: Early EndPlayMap Detection: Level '/Game/2DSideScrollerBP/Maps/2DSideScrollerExampleMap.2DSideScrollerExampleMap:PersistentLevel' has LevelScriptBlueprint '/Game/2DSideScrollerBP/Maps/2DSideScrollerExampleMap.2DSideScrollerExampleMap:PersistentLevel.2DSideScrollerExampleMap' with GeneratedClass '/Game/2DSideScrollerBP/Maps/2DSideScrollerExampleMap.2DSideScrollerExampleMap_C' with ClassGeneratedBy '/Game/2DSideScrollerBP/Maps/2DSideScrollerExampleMap.2DSideScrollerExampleMap:PersistentLevel.2DSideScrollerExampleMap'
[2019.02.24-17.21.18:118][310]LogSlate: Updating window title bar state: overlay mode, drag disabled, window buttons hidden, title bar hidden
[2019.02.24-17.21.18:147][310]LogPlayLevel: Display: Shutting down PIE online subsystems
[2019.02.24-17.21.18:147][310]LogBlueprintUserMessages: Late EndPlayMap Detection: Level '/Game/2DSideScrollerBP/Maps/2DSideScrollerExampleMap.2DSideScrollerExampleMap:PersistentLevel' has LevelScriptBlueprint '/Game/2DSideScrollerBP/Maps/2DSideScrollerExampleMap.2DSideScrollerExampleMap:PersistentLevel.2DSideScrollerExampleMap' with GeneratedClass '/Game/2DSideScrollerBP/Maps/2DSideScrollerExampleMap.2DSideScrollerExampleMap_C' with ClassGeneratedBy '/Game/2DSideScrollerBP/Maps/2DSideScrollerExampleMap.2DSideScrollerExampleMap:PersistentLevel.2DSideScrollerExampleMap'
[2019.02.24-17.21.18:167][310]LogSlate: Updating window title bar state: overlay mode, drag disabled, window buttons hidden, title bar hidden
[2019.02.24-17.21.18:225][315]LogPlayLevel: Display: Destroying online subsystem :Context_1
